<?xml version="1.0" encoding="UTF-8"?>
<!-- Generated by org.testng.reporters.JUnitXMLReporter -->
<testsuite ignored="4" hostname="DESKTOP-Q7T0E74" failures="1" tests="10" name="Centuri Tests" time="78.084" errors="0" timestamp="16 Apr 2020 05:27:05 GMT">
  <testcase classname="riskmodule.Centuri_Base" name="@AfterMethod tearDown" time="0.0">
    <failure type="java.lang.NullPointerException">
      <![CDATA[java.lang.NullPointerException
	at riskmodule.Centuri_Base.tearDown(Centuri_Base.java:149)
... Removed 27 stack frames]]>
    </failure>
  </testcase> <!-- @AfterMethod tearDown -->
  <testcase classname="riskmodule.Centuri_Base" name="@AfterMethod tearDown" time="0.0">
    <skipped/>
  </testcase> <!-- @AfterMethod tearDown -->
  <testcase classname="riskmodule.Centuri_Base" name="@AfterMethod tearDown" time="0.0">
    <skipped/>
  </testcase> <!-- @AfterMethod tearDown -->
  <testcase classname="riskmodule.Centuri_Base" name="@AfterMethod tearDown" time="0.0">
    <skipped/>
  </testcase> <!-- @AfterMethod tearDown -->
  <testcase classname="riskmodule.Centuri_Base" name="@AfterMethod tearDown" time="0.0">
    <skipped/>
  </testcase> <!-- @AfterMethod tearDown -->
  <testcase classname="riskmodule.Centuri_Base" name="@AfterMethod tearDown" time="0.0">
    <skipped/>
  </testcase> <!-- @AfterMethod tearDown -->
  <testcase classname="riskmodule.Centuri_Base" name="@AfterMethod tearDown" time="0.0">
    <skipped/>
  </testcase> <!-- @AfterMethod tearDown -->
  <testcase classname="riskmodule.Centuri_Base" name="@AfterMethod tearDown" time="0.0">
    <skipped/>
  </testcase> <!-- @AfterMethod tearDown -->
  <testcase classname="riskmodule.Centuri_Base" name="@AfterMethod tearDown" time="0.0">
    <skipped/>
  </testcase> <!-- @AfterMethod tearDown -->
  <testcase classname="riskmodule.Centuri_Base" name="@AfterTest endReport" time="0.0">
    <skipped/>
  </testcase> <!-- @AfterTest endReport -->
  <testcase classname="CenturiHomePageCases.Home_Page_Tests" name="centuri_home_page_testcase_001" time="5.75"/>
  <testcase classname="Centuri_POC.New_DocumentWithExcelTemplate" name="centuriNewDocumentcreation" time="0.002">
    <failure type="java.lang.NullPointerException">
      <![CDATA[java.lang.NullPointerException
	at Centuri_POC.New_DocumentWithExcelTemplate.centuriNewDocumentcreation(New_DocumentWithExcelTemplate.java:36)
... Removed 25 stack frames]]>
    </failure>
  </testcase> <!-- centuriNewDocumentcreation -->
  <testcase classname="Centuri_POC.New_DocumentWith_Word_Template" name="centuriNewDocumentcreation" time="0.006">
    <skipped/>
  </testcase> <!-- centuriNewDocumentcreation -->
  <testcase classname="CenturiHomePageCases.Home_Page_Tests" name="centuri_home_page_testcase_002" time="0.006">
    <skipped/>
  </testcase> <!-- centuri_home_page_testcase_002 -->
  <testcase classname="Centuri_POC.New_DocumentWithExcelTemplate" name="publishNewDocument" time="0.01">
    <skipped/>
  </testcase> <!-- publishNewDocument -->
  <testcase classname="Centuri_POC.New_DocumentWith_Word_Template" name="publishNewDocument" time="0.004">
    <skipped/>
  </testcase> <!-- publishNewDocument -->
  <testcase classname="CenturiHomePageCases.Home_Page_Tests" name="centuri_home_page_testcase_003" time="0.002">
    <skipped/>
  </testcase> <!-- centuri_home_page_testcase_003 -->
  <testcase classname="Centuri_POC.New_DocumentWithExcelTemplate" name="archiveDocument" time="0.003">
    <skipped/>
  </testcase> <!-- archiveDocument -->
  <testcase classname="Centuri_POC.New_DocumentWith_Word_Template" name="archiveDocument" time="0.002">
    <skipped/>
  </testcase> <!-- archiveDocument -->
  <testcase classname="CenturiHomePageCases.Home_Page_Tests" name="centuri_home_page_testcase_004" time="0.004">
    <skipped/>
  </testcase> <!-- centuri_home_page_testcase_004 -->
  <testcase classname="riskmodule.Centuri_Base" name="@BeforeTest Launch_Browser" time="0.0">
    <ignored/>
  </testcase> <!-- @BeforeTest Launch_Browser -->
  <testcase classname="riskmodule.Centuri_Base" name="@BeforeTest Launch_Browser" time="0.0">
    <ignored/>
  </testcase> <!-- @BeforeTest Launch_Browser -->
  <testcase classname="riskmodule.Centuri_Base" name="@AfterTest endReport" time="0.0">
    <ignored/>
  </testcase> <!-- @AfterTest endReport -->
  <testcase classname="riskmodule.Centuri_Base" name="@AfterTest endReport" time="0.0">
    <ignored/>
  </testcase> <!-- @AfterTest endReport -->
</testsuite> <!-- Centuri Tests -->
