<?xml version="1.0" encoding="UTF-8"?>
<!-- Generated by org.testng.reporters.JUnitXMLReporter -->
<testsuite ignored="0" hostname="DESKTOP-Q7T0E74" failures="0" tests="4" name="Regression testing run for Homepage cases" time="103.712" errors="0" timestamp="09 Apr 2020 11:41:08 GMT">
  <testcase classname="CenturiHomePageCases.Home_Page_Tests" name="centuri_home_page_testcase_001" time="10.134"/>
  <testcase classname="CenturiHomePageCases.Home_Page_Tests" name="centuri_home_page_testcase_002" time="3.161"/>
  <testcase classname="CenturiHomePageCases.Home_Page_Tests" name="centuri_home_page_testcase_003" time="3.605"/>
  <testcase classname="CenturiHomePageCases.Home_Page_Tests" name="centuri_home_page_testcase_004" time="4.575"/>
</testsuite> <!-- Regression testing run for Homepage cases -->
